2017-12-17 17:42:22,019 [Worker-4] INFO  c.g.t.t.d.PublishedGradleVersions - Gradle version information cache is out-of-date. Trying to update.
2017-12-17 17:54:28,247 [Worker-1] INFO  c.g.t.t.d.PublishedGradleVersions - Gradle version information cache is up-to-date. Trying to read.
2017-12-23 14:24:48,670 [Worker-0] INFO  c.g.t.t.d.PublishedGradleVersions - Gradle version information cache is up-to-date. Trying to read.
2017-12-23 14:25:24,237 [Worker-21] INFO  o.e.m.c.i.l.LifecycleMappingFactory - Using org.maven.ide.eclipse.wtp.WarLifecycleMapping lifecycle mapping for MavenProject: net.mithra:familly:0.0.1-SNAPSHOT @ D:\developpement\perso\mithraFamilly\portail famille\workspaceMaquette\mithraFamilly\pom.xml.
2017-12-23 14:25:34,806 [Worker-21] INFO  o.e.m.c.i.e.AbstractTransferListenerAdapter - Downloaded http://10.168.10.50:18080/archiva/repository/internal/org/slf4j/slf4j-api/1.7.16/slf4j-api-1.7.16.jar
2017-12-23 14:25:34,988 [Worker-21] INFO  o.e.m.c.i.e.AbstractTransferListenerAdapter - Downloading https://repo.maven.apache.org/maven2/org/slf4j/slf4j-api/1.7.16/slf4j-api-1.7.16.jar
2017-12-23 14:25:35,025 [Worker-21] INFO  o.e.m.c.i.e.AbstractTransferListenerAdapter - Downloaded https://repo.maven.apache.org/maven2/org/slf4j/slf4j-api/1.7.16/slf4j-api-1.7.16.jar
2017-12-23 14:25:37,641 [Worker-21] INFO  o.e.m.j.i.AbstractJavaProjectConfigurator - Adding source folder /mithraFamilly/src/main/java
2017-12-23 14:25:37,641 [Worker-21] INFO  o.e.m.j.i.AbstractJavaProjectConfigurator - Adding resource folder /mithraFamilly/src/main/resources
2017-12-23 14:25:37,660 [Worker-21] INFO  o.e.m.j.i.AbstractJavaProjectConfigurator - Adding source folder /mithraFamilly/src/test/java
2017-12-23 14:25:37,660 [Worker-21] INFO  o.e.m.j.i.AbstractJavaProjectConfigurator - Adding resource folder /mithraFamilly/src/test/resources
2017-12-23 14:25:42,025 [Worker-21] INFO  o.e.m.c.i.p.ProjectConfigurationManager - Imported and configured 1 project(s) in 19 sec
2017-12-23 14:25:48,076 [Worker-11] INFO  o.e.m.c.i.embedder.EclipseLogger - Using 'UTF-8' encoding to copy filtered resources.
2017-12-23 14:25:48,084 [Worker-11] INFO  o.e.m.c.i.embedder.EclipseLogger - Copying 16 resources
2017-12-23 14:25:48,169 [Worker-11] INFO  o.e.m.c.i.embedder.EclipseLogger - Using 'UTF-8' encoding to copy filtered resources.
2017-12-23 14:25:48,169 [Worker-11] INFO  o.e.m.c.i.embedder.EclipseLogger - Copying 3 resources
2017-12-23 14:27:16,128 [Worker-0] INFO  o.e.m.c.i.embedder.EclipseLogger - Using 'UTF-8' encoding to copy filtered resources.
2017-12-23 14:27:16,136 [Worker-0] INFO  o.e.m.c.i.embedder.EclipseLogger - Copying 16 resources
2017-12-23 14:27:16,177 [Worker-0] INFO  o.e.m.c.i.embedder.EclipseLogger - Using 'UTF-8' encoding to copy filtered resources.
2017-12-23 14:27:16,178 [Worker-0] INFO  o.e.m.c.i.embedder.EclipseLogger - Copying 3 resources
2017-12-23 14:27:33,958 [Worker-12] INFO  o.e.m.c.i.embedder.EclipseLogger - Using 'UTF-8' encoding to copy filtered resources.
2017-12-23 14:27:33,960 [Worker-12] INFO  o.e.m.c.i.embedder.EclipseLogger - Copying 16 resources
2017-12-23 14:27:33,989 [Worker-12] INFO  o.e.m.c.i.embedder.EclipseLogger - Using 'UTF-8' encoding to copy filtered resources.
2017-12-23 14:27:33,990 [Worker-12] INFO  o.e.m.c.i.embedder.EclipseLogger - Copying 0 resource
2017-12-23 14:27:43,512 [Worker-19] INFO  o.e.m.c.i.embedder.EclipseLogger - Using 'UTF-8' encoding to copy filtered resources.
2017-12-23 14:27:43,514 [Worker-19] INFO  o.e.m.c.i.embedder.EclipseLogger - Copying 16 resources
2017-12-23 14:27:43,578 [Worker-19] INFO  o.e.m.c.i.embedder.EclipseLogger - Using 'UTF-8' encoding to copy filtered resources.
2017-12-23 14:27:43,579 [Worker-19] INFO  o.e.m.c.i.embedder.EclipseLogger - Copying 3 resources
2017-12-23 14:28:07,637 [Worker-1] INFO  o.e.m.c.i.embedder.EclipseLogger - Using 'UTF-8' encoding to copy filtered resources.
2017-12-23 14:28:07,639 [Worker-1] INFO  o.e.m.c.i.embedder.EclipseLogger - Copying 16 resources
2017-12-23 14:28:07,670 [Worker-1] INFO  o.e.m.c.i.embedder.EclipseLogger - Using 'UTF-8' encoding to copy filtered resources.
2017-12-23 14:28:07,671 [Worker-1] INFO  o.e.m.c.i.embedder.EclipseLogger - Copying 3 resources
2017-12-23 14:28:38,152 [Worker-11] INFO  o.e.m.c.i.embedder.EclipseLogger - Using 'UTF-8' encoding to copy filtered resources.
2017-12-23 14:28:38,155 [Worker-11] INFO  o.e.m.c.i.embedder.EclipseLogger - Copying 16 resources
2017-12-23 14:28:38,182 [Worker-11] INFO  o.e.m.c.i.embedder.EclipseLogger - Using 'UTF-8' encoding to copy filtered resources.
2017-12-23 14:28:38,182 [Worker-11] INFO  o.e.m.c.i.embedder.EclipseLogger - Copying 3 resources
2017-12-23 14:28:48,710 [Worker-21] INFO  o.e.m.c.i.embedder.EclipseLogger - Using 'UTF-8' encoding to copy filtered resources.
2017-12-23 14:28:48,711 [Worker-21] INFO  o.e.m.c.i.embedder.EclipseLogger - Copying 16 resources
2017-12-23 14:28:48,735 [Worker-21] INFO  o.e.m.c.i.embedder.EclipseLogger - Using 'UTF-8' encoding to copy filtered resources.
2017-12-23 14:28:48,735 [Worker-21] INFO  o.e.m.c.i.embedder.EclipseLogger - Copying 0 resource
2017-12-23 14:28:57,812 [Worker-0] INFO  o.e.m.c.i.embedder.EclipseLogger - Using 'UTF-8' encoding to copy filtered resources.
2017-12-23 14:28:57,814 [Worker-0] INFO  o.e.m.c.i.embedder.EclipseLogger - Copying 16 resources
2017-12-23 14:28:57,844 [Worker-0] INFO  o.e.m.c.i.embedder.EclipseLogger - Using 'UTF-8' encoding to copy filtered resources.
2017-12-23 14:28:57,844 [Worker-0] INFO  o.e.m.c.i.embedder.EclipseLogger - Copying 3 resources
2017-12-23 14:29:26,524 [Worker-17] INFO  o.e.m.c.i.embedder.EclipseLogger - Using 'UTF-8' encoding to copy filtered resources.
2017-12-23 14:29:26,526 [Worker-17] INFO  o.e.m.c.i.embedder.EclipseLogger - Copying 16 resources
2017-12-23 14:29:26,554 [Worker-17] INFO  o.e.m.c.i.embedder.EclipseLogger - Using 'UTF-8' encoding to copy filtered resources.
2017-12-23 14:29:26,554 [Worker-17] INFO  o.e.m.c.i.embedder.EclipseLogger - Copying 3 resources
2017-12-23 14:29:37,585 [Worker-6] INFO  o.e.m.c.i.embedder.EclipseLogger - Using 'UTF-8' encoding to copy filtered resources.
2017-12-23 14:29:37,587 [Worker-6] INFO  o.e.m.c.i.embedder.EclipseLogger - Copying 16 resources
2017-12-23 14:29:37,624 [Worker-6] INFO  o.e.m.c.i.embedder.EclipseLogger - Using 'UTF-8' encoding to copy filtered resources.
2017-12-23 14:29:37,625 [Worker-6] INFO  o.e.m.c.i.embedder.EclipseLogger - Copying 0 resource
2017-12-23 14:30:02,520 [Worker-10] INFO  o.e.m.c.i.embedder.EclipseLogger - Using 'UTF-8' encoding to copy filtered resources.
2017-12-23 14:30:02,522 [Worker-10] INFO  o.e.m.c.i.embedder.EclipseLogger - Copying 16 resources
2017-12-23 14:30:02,560 [Worker-10] INFO  o.e.m.c.i.embedder.EclipseLogger - Using 'UTF-8' encoding to copy filtered resources.
2017-12-23 14:30:02,561 [Worker-10] INFO  o.e.m.c.i.embedder.EclipseLogger - Copying 0 resource
2017-12-23 14:30:45,273 [Worker-17] INFO  o.e.m.c.i.embedder.EclipseLogger - Using 'UTF-8' encoding to copy filtered resources.
2017-12-23 14:30:45,274 [Worker-17] INFO  o.e.m.c.i.embedder.EclipseLogger - Copying 16 resources
2017-12-23 14:30:45,298 [Worker-17] INFO  o.e.m.c.i.embedder.EclipseLogger - Using 'UTF-8' encoding to copy filtered resources.
2017-12-23 14:30:45,299 [Worker-17] INFO  o.e.m.c.i.embedder.EclipseLogger - Copying 3 resources
2017-12-23 14:31:04,236 [Worker-10] INFO  o.e.m.c.i.embedder.EclipseLogger - Using 'UTF-8' encoding to copy filtered resources.
2017-12-23 14:31:04,238 [Worker-10] INFO  o.e.m.c.i.embedder.EclipseLogger - Copying 16 resources
2017-12-23 14:31:04,264 [Worker-10] INFO  o.e.m.c.i.embedder.EclipseLogger - Using 'UTF-8' encoding to copy filtered resources.
2017-12-23 14:31:04,265 [Worker-10] INFO  o.e.m.c.i.embedder.EclipseLogger - Copying 3 resources
2017-12-23 14:31:05,616 [Worker-11] INFO  o.e.m.c.i.embedder.EclipseLogger - Using 'UTF-8' encoding to copy filtered resources.
2017-12-23 14:31:05,616 [Worker-11] INFO  o.e.m.c.i.embedder.EclipseLogger - Copying 0 resource
2017-12-23 14:31:05,617 [Worker-11] INFO  o.e.m.c.i.embedder.EclipseLogger - Using 'UTF-8' encoding to copy filtered resources.
2017-12-23 14:31:05,617 [Worker-11] INFO  o.e.m.c.i.embedder.EclipseLogger - Copying 3 resources
2017-12-23 14:31:15,273 [Worker-2] INFO  o.e.m.c.i.embedder.EclipseLogger - Using 'UTF-8' encoding to copy filtered resources.
2017-12-23 14:31:15,275 [Worker-2] INFO  o.e.m.c.i.embedder.EclipseLogger - Copying 16 resources
2017-12-23 14:31:15,309 [Worker-2] INFO  o.e.m.c.i.embedder.EclipseLogger - Using 'UTF-8' encoding to copy filtered resources.
2017-12-23 14:31:15,310 [Worker-2] INFO  o.e.m.c.i.embedder.EclipseLogger - Copying 3 resources
2017-12-23 14:31:30,700 [Worker-11] INFO  o.e.m.c.i.embedder.EclipseLogger - Using 'UTF-8' encoding to copy filtered resources.
2017-12-23 14:31:30,702 [Worker-11] INFO  o.e.m.c.i.embedder.EclipseLogger - Copying 16 resources
2017-12-23 14:31:30,728 [Worker-11] INFO  o.e.m.c.i.embedder.EclipseLogger - Using 'UTF-8' encoding to copy filtered resources.
2017-12-23 14:31:30,729 [Worker-11] INFO  o.e.m.c.i.embedder.EclipseLogger - Copying 3 resources
2017-12-23 14:31:41,892 [Worker-3] INFO  o.e.m.c.i.embedder.EclipseLogger - Using 'UTF-8' encoding to copy filtered resources.
2017-12-23 14:31:41,893 [Worker-3] INFO  o.e.m.c.i.embedder.EclipseLogger - Copying 16 resources
2017-12-23 14:31:41,920 [Worker-3] INFO  o.e.m.c.i.embedder.EclipseLogger - Using 'UTF-8' encoding to copy filtered resources.
2017-12-23 14:31:41,920 [Worker-3] INFO  o.e.m.c.i.embedder.EclipseLogger - Copying 0 resource
2017-12-23 14:34:08,340 [Worker-20] INFO  o.e.m.c.i.embedder.EclipseLogger - Using 'UTF-8' encoding to copy filtered resources.
2017-12-23 14:34:08,341 [Worker-20] INFO  o.e.m.c.i.embedder.EclipseLogger - Copying 0 resource
2017-12-23 14:34:08,342 [Worker-20] INFO  o.e.m.c.i.embedder.EclipseLogger - Using 'UTF-8' encoding to copy filtered resources.
2017-12-23 14:34:08,343 [Worker-20] INFO  o.e.m.c.i.embedder.EclipseLogger - Copying 3 resources
2017-12-23 14:36:51,363 [Worker-20] INFO  o.e.m.c.i.embedder.EclipseLogger - Using 'UTF-8' encoding to copy filtered resources.
2017-12-23 14:36:51,364 [Worker-20] INFO  o.e.m.c.i.embedder.EclipseLogger - Copying 16 resources
2017-12-23 14:36:51,394 [Worker-20] INFO  o.e.m.c.i.embedder.EclipseLogger - Using 'UTF-8' encoding to copy filtered resources.
2017-12-23 14:36:51,395 [Worker-20] INFO  o.e.m.c.i.embedder.EclipseLogger - Copying 3 resources
2017-12-23 14:37:58,177 [Worker-3] INFO  o.e.m.c.i.embedder.EclipseLogger - Using 'UTF-8' encoding to copy filtered resources.
2017-12-23 14:37:58,179 [Worker-3] INFO  o.e.m.c.i.embedder.EclipseLogger - Copying 16 resources
2017-12-23 14:37:58,213 [Worker-3] INFO  o.e.m.c.i.embedder.EclipseLogger - Using 'UTF-8' encoding to copy filtered resources.
2017-12-23 14:37:58,213 [Worker-3] INFO  o.e.m.c.i.embedder.EclipseLogger - Copying 3 resources
2017-12-23 14:39:06,627 [Worker-25] INFO  o.e.m.c.i.embedder.EclipseLogger - Using 'UTF-8' encoding to copy filtered resources.
2017-12-23 14:39:06,629 [Worker-25] INFO  o.e.m.c.i.embedder.EclipseLogger - Copying 16 resources
2017-12-23 14:39:06,656 [Worker-25] INFO  o.e.m.c.i.embedder.EclipseLogger - Using 'UTF-8' encoding to copy filtered resources.
2017-12-23 14:39:06,656 [Worker-25] INFO  o.e.m.c.i.embedder.EclipseLogger - Copying 0 resource
2017-12-23 14:39:11,281 [Worker-22] INFO  o.e.m.c.i.embedder.EclipseLogger - Using 'UTF-8' encoding to copy filtered resources.
2017-12-23 14:39:11,282 [Worker-22] INFO  o.e.m.c.i.embedder.EclipseLogger - Copying 16 resources
2017-12-23 14:39:11,306 [Worker-22] INFO  o.e.m.c.i.embedder.EclipseLogger - Using 'UTF-8' encoding to copy filtered resources.
2017-12-23 14:39:11,306 [Worker-22] INFO  o.e.m.c.i.embedder.EclipseLogger - Copying 0 resource
2017-12-23 14:39:25,042 [Worker-24] INFO  o.e.m.c.i.embedder.EclipseLogger - Using 'UTF-8' encoding to copy filtered resources.
2017-12-23 14:39:25,044 [Worker-24] INFO  o.e.m.c.i.embedder.EclipseLogger - Copying 16 resources
2017-12-23 14:39:25,075 [Worker-24] INFO  o.e.m.c.i.embedder.EclipseLogger - Using 'UTF-8' encoding to copy filtered resources.
2017-12-23 14:39:25,075 [Worker-24] INFO  o.e.m.c.i.embedder.EclipseLogger - Copying 0 resource
2017-12-23 14:39:52,924 [Worker-22] INFO  o.e.m.c.i.embedder.EclipseLogger - Using 'UTF-8' encoding to copy filtered resources.
2017-12-23 14:39:52,925 [Worker-22] INFO  o.e.m.c.i.embedder.EclipseLogger - Copying 16 resources
2017-12-23 14:39:52,951 [Worker-22] INFO  o.e.m.c.i.embedder.EclipseLogger - Using 'UTF-8' encoding to copy filtered resources.
2017-12-23 14:39:52,952 [Worker-22] INFO  o.e.m.c.i.embedder.EclipseLogger - Copying 3 resources
2017-12-23 14:40:08,050 [Worker-24] INFO  o.e.m.c.i.embedder.EclipseLogger - Using 'UTF-8' encoding to copy filtered resources.
2017-12-23 14:40:08,052 [Worker-24] INFO  o.e.m.c.i.embedder.EclipseLogger - Copying 16 resources
2017-12-23 14:40:08,073 [Worker-24] INFO  o.e.m.c.i.embedder.EclipseLogger - Using 'UTF-8' encoding to copy filtered resources.
2017-12-23 14:40:08,073 [Worker-24] INFO  o.e.m.c.i.embedder.EclipseLogger - Copying 0 resource
2017-12-23 14:40:19,304 [Worker-3] INFO  o.e.m.c.i.embedder.EclipseLogger - Using 'UTF-8' encoding to copy filtered resources.
2017-12-23 14:40:19,305 [Worker-3] INFO  o.e.m.c.i.embedder.EclipseLogger - Copying 16 resources
2017-12-23 14:40:19,329 [Worker-3] INFO  o.e.m.c.i.embedder.EclipseLogger - Using 'UTF-8' encoding to copy filtered resources.
2017-12-23 14:40:19,330 [Worker-3] INFO  o.e.m.c.i.embedder.EclipseLogger - Copying 0 resource
2017-12-23 14:40:35,361 [Worker-27] INFO  o.e.m.c.i.embedder.EclipseLogger - Using 'UTF-8' encoding to copy filtered resources.
2017-12-23 14:40:35,363 [Worker-27] INFO  o.e.m.c.i.embedder.EclipseLogger - Copying 16 resources
2017-12-23 14:40:35,392 [Worker-27] INFO  o.e.m.c.i.embedder.EclipseLogger - Using 'UTF-8' encoding to copy filtered resources.
2017-12-23 14:40:35,393 [Worker-27] INFO  o.e.m.c.i.embedder.EclipseLogger - Copying 3 resources
2017-12-23 14:41:02,136 [Worker-22] INFO  o.e.m.c.i.embedder.EclipseLogger - Using 'UTF-8' encoding to copy filtered resources.
2017-12-23 14:41:02,138 [Worker-22] INFO  o.e.m.c.i.embedder.EclipseLogger - Copying 16 resources
2017-12-23 14:41:02,157 [Worker-22] INFO  o.e.m.c.i.embedder.EclipseLogger - Using 'UTF-8' encoding to copy filtered resources.
2017-12-23 14:41:02,157 [Worker-22] INFO  o.e.m.c.i.embedder.EclipseLogger - Copying 0 resource
2017-12-23 14:41:36,117 [Worker-20] INFO  o.e.m.c.i.embedder.EclipseLogger - Using 'UTF-8' encoding to copy filtered resources.
2017-12-23 14:41:36,119 [Worker-20] INFO  o.e.m.c.i.embedder.EclipseLogger - Copying 16 resources
2017-12-23 14:41:36,151 [Worker-20] INFO  o.e.m.c.i.embedder.EclipseLogger - Using 'UTF-8' encoding to copy filtered resources.
2017-12-23 14:41:36,152 [Worker-20] INFO  o.e.m.c.i.embedder.EclipseLogger - Copying 0 resource
2017-12-23 14:41:42,101 [Worker-25] INFO  o.e.m.c.i.embedder.EclipseLogger - Using 'UTF-8' encoding to copy filtered resources.
2017-12-23 14:41:42,102 [Worker-25] INFO  o.e.m.c.i.embedder.EclipseLogger - Copying 16 resources
2017-12-23 14:41:42,126 [Worker-25] INFO  o.e.m.c.i.embedder.EclipseLogger - Using 'UTF-8' encoding to copy filtered resources.
2017-12-23 14:41:42,126 [Worker-25] INFO  o.e.m.c.i.embedder.EclipseLogger - Copying 0 resource
2017-12-23 14:41:52,002 [Worker-27] INFO  o.e.m.c.i.embedder.EclipseLogger - Using 'UTF-8' encoding to copy filtered resources.
2017-12-23 14:41:52,003 [Worker-27] INFO  o.e.m.c.i.embedder.EclipseLogger - Copying 16 resources
2017-12-23 14:41:52,020 [Worker-27] INFO  o.e.m.c.i.embedder.EclipseLogger - Using 'UTF-8' encoding to copy filtered resources.
2017-12-23 14:41:52,020 [Worker-27] INFO  o.e.m.c.i.embedder.EclipseLogger - Copying 0 resource
2017-12-23 14:41:59,930 [Worker-20] INFO  o.e.m.c.i.embedder.EclipseLogger - Using 'UTF-8' encoding to copy filtered resources.
2017-12-23 14:41:59,931 [Worker-20] INFO  o.e.m.c.i.embedder.EclipseLogger - Copying 16 resources
2017-12-23 14:41:59,950 [Worker-20] INFO  o.e.m.c.i.embedder.EclipseLogger - Using 'UTF-8' encoding to copy filtered resources.
2017-12-23 14:41:59,950 [Worker-20] INFO  o.e.m.c.i.embedder.EclipseLogger - Copying 0 resource
2017-12-23 14:42:15,071 [Worker-3] INFO  o.e.m.c.i.embedder.EclipseLogger - Using 'UTF-8' encoding to copy filtered resources.
2017-12-23 14:42:15,072 [Worker-3] INFO  o.e.m.c.i.embedder.EclipseLogger - Copying 16 resources
2017-12-23 14:42:15,106 [Worker-3] INFO  o.e.m.c.i.embedder.EclipseLogger - Using 'UTF-8' encoding to copy filtered resources.
2017-12-23 14:42:15,106 [Worker-3] INFO  o.e.m.c.i.embedder.EclipseLogger - Copying 0 resource
2017-12-23 14:43:50,340 [Worker-24] INFO  o.e.m.c.i.embedder.EclipseLogger - Using 'UTF-8' encoding to copy filtered resources.
2017-12-23 14:43:50,341 [Worker-24] INFO  o.e.m.c.i.embedder.EclipseLogger - Copying 16 resources
2017-12-23 14:43:50,363 [Worker-24] INFO  o.e.m.c.i.embedder.EclipseLogger - Using 'UTF-8' encoding to copy filtered resources.
2017-12-23 14:43:50,363 [Worker-24] INFO  o.e.m.c.i.embedder.EclipseLogger - Copying 0 resource
2017-12-23 14:44:22,395 [Worker-20] INFO  o.e.m.c.i.embedder.EclipseLogger - Using 'UTF-8' encoding to copy filtered resources.
2017-12-23 14:44:22,396 [Worker-20] INFO  o.e.m.c.i.embedder.EclipseLogger - Copying 16 resources
2017-12-23 14:44:22,428 [Worker-20] INFO  o.e.m.c.i.embedder.EclipseLogger - Using 'UTF-8' encoding to copy filtered resources.
2017-12-23 14:44:22,429 [Worker-20] INFO  o.e.m.c.i.embedder.EclipseLogger - Copying 0 resource
2017-12-23 14:45:05,411 [Worker-23] INFO  o.e.m.c.i.embedder.EclipseLogger - Using 'UTF-8' encoding to copy filtered resources.
2017-12-23 14:45:05,412 [Worker-23] INFO  o.e.m.c.i.embedder.EclipseLogger - Copying 16 resources
2017-12-23 14:45:05,439 [Worker-23] INFO  o.e.m.c.i.embedder.EclipseLogger - Using 'UTF-8' encoding to copy filtered resources.
2017-12-23 14:45:05,440 [Worker-23] INFO  o.e.m.c.i.embedder.EclipseLogger - Copying 0 resource
2017-12-23 14:48:42,852 [Worker-27] INFO  o.e.m.c.i.embedder.EclipseLogger - Using 'UTF-8' encoding to copy filtered resources.
2017-12-23 14:48:42,853 [Worker-27] INFO  o.e.m.c.i.embedder.EclipseLogger - Copying 16 resources
2017-12-23 14:48:42,880 [Worker-27] INFO  o.e.m.c.i.embedder.EclipseLogger - Using 'UTF-8' encoding to copy filtered resources.
2017-12-23 14:48:42,881 [Worker-27] INFO  o.e.m.c.i.embedder.EclipseLogger - Copying 0 resource
2017-12-23 14:49:04,120 [Worker-20] INFO  o.e.m.c.i.embedder.EclipseLogger - Using 'UTF-8' encoding to copy filtered resources.
2017-12-23 14:49:04,122 [Worker-20] INFO  o.e.m.c.i.embedder.EclipseLogger - Copying 16 resources
2017-12-23 14:49:04,145 [Worker-20] INFO  o.e.m.c.i.embedder.EclipseLogger - Using 'UTF-8' encoding to copy filtered resources.
2017-12-23 14:49:04,145 [Worker-20] INFO  o.e.m.c.i.embedder.EclipseLogger - Copying 0 resource
2017-12-23 14:49:11,855 [Worker-27] INFO  o.e.m.c.i.embedder.EclipseLogger - Using 'UTF-8' encoding to copy filtered resources.
2017-12-23 14:49:11,856 [Worker-27] INFO  o.e.m.c.i.embedder.EclipseLogger - Copying 16 resources
2017-12-23 14:49:11,874 [Worker-27] INFO  o.e.m.c.i.embedder.EclipseLogger - Using 'UTF-8' encoding to copy filtered resources.
2017-12-23 14:49:11,875 [Worker-27] INFO  o.e.m.c.i.embedder.EclipseLogger - Copying 0 resource
2017-12-23 14:50:47,748 [Worker-22] INFO  o.e.m.c.i.embedder.EclipseLogger - Using 'UTF-8' encoding to copy filtered resources.
2017-12-23 14:50:47,750 [Worker-22] INFO  o.e.m.c.i.embedder.EclipseLogger - Copying 16 resources
2017-12-23 14:50:47,777 [Worker-22] INFO  o.e.m.c.i.embedder.EclipseLogger - Using 'UTF-8' encoding to copy filtered resources.
2017-12-23 14:50:47,778 [Worker-22] INFO  o.e.m.c.i.embedder.EclipseLogger - Copying 0 resource
2017-12-23 14:50:56,279 [Worker-20] INFO  o.e.m.c.i.embedder.EclipseLogger - Using 'UTF-8' encoding to copy filtered resources.
2017-12-23 14:50:56,280 [Worker-20] INFO  o.e.m.c.i.embedder.EclipseLogger - Copying 16 resources
2017-12-23 14:50:56,300 [Worker-20] INFO  o.e.m.c.i.embedder.EclipseLogger - Using 'UTF-8' encoding to copy filtered resources.
2017-12-23 14:50:56,300 [Worker-20] INFO  o.e.m.c.i.embedder.EclipseLogger - Copying 0 resource
2017-12-23 14:51:37,608 [Worker-22] INFO  o.e.m.c.i.embedder.EclipseLogger - Using 'UTF-8' encoding to copy filtered resources.
2017-12-23 14:51:37,609 [Worker-22] INFO  o.e.m.c.i.embedder.EclipseLogger - Copying 16 resources
2017-12-23 14:51:37,658 [Worker-22] INFO  o.e.m.c.i.embedder.EclipseLogger - Using 'UTF-8' encoding to copy filtered resources.
2017-12-23 14:51:37,658 [Worker-22] INFO  o.e.m.c.i.embedder.EclipseLogger - Copying 0 resource
2017-12-23 14:52:00,236 [Worker-23] INFO  o.e.m.c.i.embedder.EclipseLogger - Using 'UTF-8' encoding to copy filtered resources.
2017-12-23 14:52:00,244 [Worker-23] INFO  o.e.m.c.i.embedder.EclipseLogger - Copying 16 resources
2017-12-23 14:52:00,279 [Worker-23] INFO  o.e.m.c.i.embedder.EclipseLogger - Using 'UTF-8' encoding to copy filtered resources.
2017-12-23 14:52:00,280 [Worker-23] INFO  o.e.m.c.i.embedder.EclipseLogger - Copying 3 resources
2017-12-23 14:52:06,849 [Worker-28] INFO  o.e.m.c.i.embedder.EclipseLogger - Using 'UTF-8' encoding to copy filtered resources.
2017-12-23 14:52:06,850 [Worker-28] INFO  o.e.m.c.i.embedder.EclipseLogger - Copying 16 resources
2017-12-23 14:52:06,875 [Worker-28] INFO  o.e.m.c.i.embedder.EclipseLogger - Using 'UTF-8' encoding to copy filtered resources.
2017-12-23 14:52:06,875 [Worker-28] INFO  o.e.m.c.i.embedder.EclipseLogger - Copying 0 resource
2017-12-23 14:52:14,779 [Worker-22] INFO  o.e.m.c.i.embedder.EclipseLogger - Using 'UTF-8' encoding to copy filtered resources.
2017-12-23 14:52:14,780 [Worker-22] INFO  o.e.m.c.i.embedder.EclipseLogger - Copying 16 resources
2017-12-23 14:52:14,799 [Worker-22] INFO  o.e.m.c.i.embedder.EclipseLogger - Using 'UTF-8' encoding to copy filtered resources.
2017-12-23 14:52:14,799 [Worker-22] INFO  o.e.m.c.i.embedder.EclipseLogger - Copying 0 resource
2017-12-23 14:53:43,967 [Worker-0] INFO  o.e.m.c.i.embedder.EclipseLogger - Using 'UTF-8' encoding to copy filtered resources.
2017-12-23 14:53:43,968 [Worker-0] INFO  o.e.m.c.i.embedder.EclipseLogger - Copying 16 resources
2017-12-23 14:53:43,987 [Worker-0] INFO  o.e.m.c.i.embedder.EclipseLogger - Using 'UTF-8' encoding to copy filtered resources.
2017-12-23 14:53:43,987 [Worker-0] INFO  o.e.m.c.i.embedder.EclipseLogger - Copying 0 resource
2017-12-23 14:53:52,535 [Worker-20] INFO  o.e.m.c.i.embedder.EclipseLogger - Using 'UTF-8' encoding to copy filtered resources.
2017-12-23 14:53:52,536 [Worker-20] INFO  o.e.m.c.i.embedder.EclipseLogger - Copying 16 resources
2017-12-23 14:53:52,561 [Worker-20] INFO  o.e.m.c.i.embedder.EclipseLogger - Using 'UTF-8' encoding to copy filtered resources.
2017-12-23 14:53:52,561 [Worker-20] INFO  o.e.m.c.i.embedder.EclipseLogger - Copying 0 resource
2017-12-23 14:53:57,110 [Worker-30] INFO  o.e.m.c.i.embedder.EclipseLogger - Using 'UTF-8' encoding to copy filtered resources.
2017-12-23 14:53:57,111 [Worker-30] INFO  o.e.m.c.i.embedder.EclipseLogger - Copying 16 resources
2017-12-23 14:53:57,129 [Worker-30] INFO  o.e.m.c.i.embedder.EclipseLogger - Using 'UTF-8' encoding to copy filtered resources.
2017-12-23 14:53:57,129 [Worker-30] INFO  o.e.m.c.i.embedder.EclipseLogger - Copying 0 resource
2017-12-23 14:54:20,092 [Worker-32] INFO  o.e.m.c.i.embedder.EclipseLogger - Using 'UTF-8' encoding to copy filtered resources.
2017-12-23 14:54:20,093 [Worker-32] INFO  o.e.m.c.i.embedder.EclipseLogger - Copying 16 resources
2017-12-23 14:54:20,121 [Worker-32] INFO  o.e.m.c.i.embedder.EclipseLogger - Using 'UTF-8' encoding to copy filtered resources.
2017-12-23 14:54:20,121 [Worker-32] INFO  o.e.m.c.i.embedder.EclipseLogger - Copying 0 resource
2017-12-23 14:54:37,997 [Worker-23] INFO  o.e.m.c.i.embedder.EclipseLogger - Using 'UTF-8' encoding to copy filtered resources.
2017-12-23 14:54:37,999 [Worker-23] INFO  o.e.m.c.i.embedder.EclipseLogger - Copying 16 resources
2017-12-23 14:54:38,024 [Worker-23] INFO  o.e.m.c.i.embedder.EclipseLogger - Using 'UTF-8' encoding to copy filtered resources.
2017-12-23 14:54:38,025 [Worker-23] INFO  o.e.m.c.i.embedder.EclipseLogger - Copying 3 resources
2017-12-23 14:54:53,615 [Worker-26] INFO  o.e.m.c.i.embedder.EclipseLogger - Using 'UTF-8' encoding to copy filtered resources.
2017-12-23 14:54:53,616 [Worker-26] INFO  o.e.m.c.i.embedder.EclipseLogger - Copying 16 resources
2017-12-23 14:54:53,640 [Worker-26] INFO  o.e.m.c.i.embedder.EclipseLogger - Using 'UTF-8' encoding to copy filtered resources.
2017-12-23 14:54:53,640 [Worker-26] INFO  o.e.m.c.i.embedder.EclipseLogger - Copying 0 resource
2017-12-23 14:54:58,986 [Worker-28] INFO  o.e.m.c.i.embedder.EclipseLogger - Using 'UTF-8' encoding to copy filtered resources.
2017-12-23 14:54:58,987 [Worker-28] INFO  o.e.m.c.i.embedder.EclipseLogger - Copying 16 resources
2017-12-23 14:54:59,004 [Worker-28] INFO  o.e.m.c.i.embedder.EclipseLogger - Using 'UTF-8' encoding to copy filtered resources.
2017-12-23 14:54:59,004 [Worker-28] INFO  o.e.m.c.i.embedder.EclipseLogger - Copying 0 resource
2017-12-23 14:55:02,920 [Worker-30] INFO  o.e.m.c.i.embedder.EclipseLogger - Using 'UTF-8' encoding to copy filtered resources.
2017-12-23 14:55:02,921 [Worker-30] INFO  o.e.m.c.i.embedder.EclipseLogger - Copying 16 resources
2017-12-23 14:55:02,938 [Worker-30] INFO  o.e.m.c.i.embedder.EclipseLogger - Using 'UTF-8' encoding to copy filtered resources.
2017-12-23 14:55:02,938 [Worker-30] INFO  o.e.m.c.i.embedder.EclipseLogger - Copying 0 resource
2017-12-23 15:02:35,669 [Worker-34] INFO  o.e.m.c.i.l.LifecycleMappingFactory - Using org.eclipse.m2e.jdt.JarLifecycleMapping lifecycle mapping for MavenProject: net.mithra:toolbox:0.0.1-SNAPSHOT @ D:\developpement\perso\mithraFamilly\portail famille\workspaceMaquette\toolbox\pom.xml.
2017-12-23 15:02:36,702 [Worker-34] INFO  o.e.m.j.i.AbstractJavaProjectConfigurator - Adding source folder /toolbox/src/main/java
2017-12-23 15:02:36,704 [Worker-34] INFO  o.e.m.j.i.AbstractJavaProjectConfigurator - Adding resource folder /toolbox/src/main/resources
2017-12-23 15:02:36,714 [Worker-34] INFO  o.e.m.j.i.AbstractJavaProjectConfigurator - Adding source folder /toolbox/src/test/java
2017-12-23 15:02:36,715 [Worker-34] INFO  o.e.m.j.i.AbstractJavaProjectConfigurator - Adding resource folder /toolbox/src/test/resources
2017-12-23 15:02:37,457 [Worker-34] INFO  o.e.m.c.i.p.ProjectConfigurationManager - Imported and configured 1 project(s) in 1 sec
2017-12-23 15:02:38,448 [Worker-39] INFO  o.e.m.c.i.embedder.EclipseLogger - Using 'UTF-8' encoding to copy filtered resources.
2017-12-23 15:02:38,448 [Worker-39] INFO  o.e.m.c.i.embedder.EclipseLogger - Copying 2 resources
2017-12-23 15:02:38,455 [Worker-39] INFO  o.e.m.c.i.embedder.EclipseLogger - Using 'UTF-8' encoding to copy filtered resources.
2017-12-23 15:02:38,456 [Worker-39] INFO  o.e.m.c.i.embedder.EclipseLogger - Copying 21 resources
2017-12-23 15:03:03,885 [Worker-40] INFO  o.e.m.c.i.p.ProjectConfigurationManager - Update started
2017-12-23 15:03:04,014 [Worker-40] INFO  o.e.m.c.i.l.LifecycleMappingFactory - Using org.eclipse.m2e.jdt.JarLifecycleMapping lifecycle mapping for MavenProject: net.mithra:toolbox:0.0.1-SNAPSHOT @ D:\developpement\perso\mithraFamilly\portail famille\workspaceMaquette\toolbox\pom.xml.
2017-12-23 15:03:04,328 [Worker-40] INFO  o.e.m.j.i.AbstractJavaProjectConfigurator - Adding source folder /toolbox/src/main/java
2017-12-23 15:03:04,328 [Worker-40] INFO  o.e.m.j.i.AbstractJavaProjectConfigurator - Adding resource folder /toolbox/src/main/resources
2017-12-23 15:03:04,329 [Worker-40] INFO  o.e.m.j.i.AbstractJavaProjectConfigurator - Adding source folder /toolbox/src/test/java
2017-12-23 15:03:04,329 [Worker-40] INFO  o.e.m.j.i.AbstractJavaProjectConfigurator - Adding resource folder /toolbox/src/test/resources
2017-12-23 15:03:04,504 [Worker-40] INFO  o.e.m.c.i.p.ProjectConfigurationManager - Update completed: 0 sec
2017-12-23 15:03:05,281 [Worker-37] INFO  o.e.m.c.i.embedder.EclipseLogger - Using 'UTF-8' encoding to copy filtered resources.
2017-12-23 15:03:05,282 [Worker-37] INFO  o.e.m.c.i.embedder.EclipseLogger - Copying 2 resources
2017-12-23 15:03:05,287 [Worker-37] INFO  o.e.m.c.i.embedder.EclipseLogger - Using 'UTF-8' encoding to copy filtered resources.
2017-12-23 15:03:05,287 [Worker-37] INFO  o.e.m.c.i.embedder.EclipseLogger - Copying 21 resources
2017-12-23 15:03:18,272 [main] INFO  o.e.m2e.actions.ExecutePomAction - Creating new launch configuration
2017-12-23 15:04:01,699 [Worker-37] INFO  o.e.m.c.i.embedder.EclipseLogger - Using 'UTF-8' encoding to copy filtered resources.
2017-12-23 15:04:01,700 [Worker-37] INFO  o.e.m.c.i.embedder.EclipseLogger - Copying 0 resource
2017-12-23 15:04:01,701 [Worker-37] INFO  o.e.m.c.i.embedder.EclipseLogger - Using 'UTF-8' encoding to copy filtered resources.
2017-12-23 15:04:01,701 [Worker-37] INFO  o.e.m.c.i.embedder.EclipseLogger - Copying 0 resource
2017-12-23 15:04:02,622 [Worker-37] INFO  o.e.m.c.i.embedder.EclipseLogger - Using 'UTF-8' encoding to copy filtered resources.
2017-12-23 15:04:02,623 [Worker-37] INFO  o.e.m.c.i.embedder.EclipseLogger - Copying 2 resources
2017-12-23 15:04:02,628 [Worker-37] INFO  o.e.m.c.i.embedder.EclipseLogger - Using 'UTF-8' encoding to copy filtered resources.
2017-12-23 15:04:02,630 [Worker-37] INFO  o.e.m.c.i.embedder.EclipseLogger - Copying 21 resources
2017-12-23 15:04:17,456 [Worker-34] INFO  o.e.m.i.launch.MavenLaunchDelegate - D:\developpement\perso\mithraFamilly\portail famille\workspaceMaquette\toolbox
2017-12-23 15:04:17,457 [Worker-34] INFO  o.e.m.i.launch.MavenLaunchDelegate -  mvn -B 
2017-12-23 15:04:41,183 [Worker-35] INFO  o.e.m.i.launch.MavenLaunchDelegate - D:\developpement\perso\mithraFamilly\portail famille\workspaceMaquette\toolbox
2017-12-23 15:04:41,183 [Worker-35] INFO  o.e.m.i.launch.MavenLaunchDelegate -  mvn -B clean install
2017-12-23 15:05:21,231 [Worker-36] INFO  o.e.m.c.i.embedder.EclipseLogger - Using 'UTF-8' encoding to copy filtered resources.
2017-12-23 15:05:21,231 [Worker-36] INFO  o.e.m.c.i.embedder.EclipseLogger - Copying 0 resource
2017-12-23 15:05:21,232 [Worker-36] INFO  o.e.m.c.i.embedder.EclipseLogger - Using 'UTF-8' encoding to copy filtered resources.
2017-12-23 15:05:21,234 [Worker-36] INFO  o.e.m.c.i.embedder.EclipseLogger - Copying 21 resources
